2025-07-30 17:51:47,976 - INFO - Namespace(config_file='config/config.json', timeout=1200)
2025-07-30 17:51:47,976 - INFO - Executing the following command test_nsg.py with arguments ['-c', 'config/config.json']
2025-07-30 08:05:20,022 - INFO - Namespace(config_file='config/config.json', timeout=1200)
2025-07-30 08:05:20,022 - INFO - Executing the following command test_nsg.py with arguments ['-c', 'config/config.json']
2025-07-30 08:07:16,401 - INFO - Namespace(config_file='config/config.json', timeout=1200)
2025-07-30 08:07:16,401 - INFO - Executing the following command test_nsg.py with arguments ['-c', 'config/config.json']
2025-07-30 08:07:49,664 - INFO - Namespace(config_file='config/config.json', timeout=1200)
2025-07-30 08:07:49,664 - INFO - Executing the following command test_nsg.py with arguments ['-c', 'config/config.json']
2025-07-30 08:11:22,977 - INFO - Namespace(config_file='config/config.json', timeout=1200)
2025-07-30 08:11:22,977 - INFO - Executing the following command test_nsg.py with arguments ['-c', 'config/config.json']
2025-07-30 08:30:03,594 - INFO - Namespace(config_file='config/config.json', timeout=1200)
2025-07-30 08:30:03,595 - INFO - Executing the following command test_nsg.py with arguments ['-c', 'config/config.json']
2025-07-30 08:30:04,092 - ERROR - {'target_service': 'postgresql', 'status': 404, 'code': 'NotAuthorizedOrNotFound', 'opc-request-id': '2E894168FDF845158F8D4D14355506CE/3EA34F774136180CED007422CB1DBD73/D0FB6F4F13732E7A76BA3B4C38F86E17', 'message': 'Authorization failed or requested resource not found.', 'operation_name': 'get_db_system', 'timestamp': '2025-07-30T08:30:04.091591+00:00', 'client_version': 'Oracle-PythonSDK/2.129.0', 'request_endpoint': 'GET https://postgresql.us-ashburn-1.oci.oraclecloud.com/20220915/dbSystems/ocid1.postgresqldbsystem.oc1.iad.amaaaaaady7f6oyazent7zexapft24xxrh6jsy56uel3p4ube46yojekcdwa', 'logging_tips': 'To get more info on the failing request, refer to https://docs.oracle.com/en-us/iaas/tools/python/latest/logging.html for ways to log the request/response details.', 'troubleshooting_tips': "See https://docs.oracle.com/iaas/Content/API/References/apierrors.htm#apierrors_404__404_notauthorizedornotfound for more information about resolving this error. Also see https://docs.oracle.com/iaas/api/#/en/postgresql/20220915/DbSystem/GetDbSystem for details on this operation's requirements. If you are unable to resolve this postgresql issue, please contact Oracle support and provide them this full error message."}
2025-07-30 08:30:24,337 - INFO - Namespace(config_file='config/config.json', timeout=1200)
2025-07-30 08:30:24,338 - INFO - Executing the following command test_nsg.py with arguments ['-c', 'config/config.json']
2025-07-30 08:30:24,854 - ERROR - {'target_service': 'postgresql', 'status': 404, 'code': 'NotAuthorizedOrNotFound', 'opc-request-id': '42BC29E111824712A42DE1738380844A/379DC0BC52E62EACF69764827E25A083/61BEA58DA3ADC1C3F3E34DC7C9866FE1', 'message': 'Authorization failed or requested resource not found.', 'operation_name': 'get_db_system', 'timestamp': '2025-07-30T08:30:24.853984+00:00', 'client_version': 'Oracle-PythonSDK/2.129.0', 'request_endpoint': 'GET https://postgresql.us-ashburn-1.oci.oraclecloud.com/20220915/dbSystems/ocid1.postgresqldbsystem.oc1.iad.amaaaaaady7f6oyazent7zexapft24xxrh6jsy56uel3p4ube46yojekcdwa', 'logging_tips': 'To get more info on the failing request, refer to https://docs.oracle.com/en-us/iaas/tools/python/latest/logging.html for ways to log the request/response details.', 'troubleshooting_tips': "See https://docs.oracle.com/iaas/Content/API/References/apierrors.htm#apierrors_404__404_notauthorizedornotfound for more information about resolving this error. Also see https://docs.oracle.com/iaas/api/#/en/postgresql/20220915/DbSystem/GetDbSystem for details on this operation's requirements. If you are unable to resolve this postgresql issue, please contact Oracle support and provide them this full error message."}
2025-07-30 08:31:17,020 - INFO - Namespace(config_file='config/config.json', timeout=1200)
2025-07-30 08:31:17,021 - INFO - Executing the following command test_nsg.py with arguments ['-c', 'config/config.json']
2025-07-30 08:31:17,460 - ERROR - {'target_service': 'postgresql', 'status': 404, 'code': 'NotAuthorizedOrNotFound', 'opc-request-id': 'B1B59E2099A74EC29E132663849B7DCA/1FCA3AEF747E6C3CB113A862DB5FCDA7/3EB208602CAF5C52F8E555BBCD24D3C0', 'message': 'Authorization failed or requested resource not found.', 'operation_name': 'get_db_system', 'timestamp': '2025-07-30T08:31:17.459649+00:00', 'client_version': 'Oracle-PythonSDK/2.129.0', 'request_endpoint': 'GET https://postgresql.us-ashburn-1.oci.oraclecloud.com/20220915/dbSystems/ocid1.postgresqldbsystem.oc1.iad.amaaaaaady7f6oyazent7zexapft24xxrh6jsy56uel3p4ube46yojekcdwa', 'logging_tips': 'To get more info on the failing request, refer to https://docs.oracle.com/en-us/iaas/tools/python/latest/logging.html for ways to log the request/response details.', 'troubleshooting_tips': "See https://docs.oracle.com/iaas/Content/API/References/apierrors.htm#apierrors_404__404_notauthorizedornotfound for more information about resolving this error. Also see https://docs.oracle.com/iaas/api/#/en/postgresql/20220915/DbSystem/GetDbSystem for details on this operation's requirements. If you are unable to resolve this postgresql issue, please contact Oracle support and provide them this full error message."}
2025-07-30 08:31:31,309 - INFO - Namespace(config_file='config/config.json', timeout=1200)
2025-07-30 08:31:31,309 - INFO - Executing the following command test_nsg.py with arguments ['-c', 'config/config.json']
2025-07-30 08:31:31,670 - ERROR - {'target_service': 'postgresql', 'status': 404, 'code': 'NotAuthorizedOrNotFound', 'opc-request-id': 'FE8660700B0947D381350A30C7EE56A9/95EF2059407DFB999411BA4A3201EFF3/C2F0C46C04D3E5169A882C1779AB6E46', 'message': 'Authorization failed or requested resource not found.', 'operation_name': 'get_db_system', 'timestamp': '2025-07-30T08:31:31.670488+00:00', 'client_version': 'Oracle-PythonSDK/2.129.0', 'request_endpoint': 'GET https://postgresql.us-ashburn-1.oci.oraclecloud.com/20220915/dbSystems/ocid1.postgresqldbsystem.oc1.iad.amaaaaaady7f6oyazent7zexapft24xxrh6jsy56uel3p4ube46yojekcdwa', 'logging_tips': 'To get more info on the failing request, refer to https://docs.oracle.com/en-us/iaas/tools/python/latest/logging.html for ways to log the request/response details.', 'troubleshooting_tips': "See https://docs.oracle.com/iaas/Content/API/References/apierrors.htm#apierrors_404__404_notauthorizedornotfound for more information about resolving this error. Also see https://docs.oracle.com/iaas/api/#/en/postgresql/20220915/DbSystem/GetDbSystem for details on this operation's requirements. If you are unable to resolve this postgresql issue, please contact Oracle support and provide them this full error message."}
2025-07-30 08:38:29,505 - INFO - Namespace(config_file='config/config.json', timeout=1200)
2025-07-30 08:38:29,505 - INFO - Executing the following command test_nsg.py with arguments ['-c', 'config/config.json']
2025-07-30 08:38:30,053 - ERROR - {'target_service': 'postgresql', 'status': 404, 'code': 'NotAuthorizedOrNotFound', 'opc-request-id': '91FF84DD01E24DD886507B5F84AB3E6F/233755DDFFA6D67D6A5E4D25C82627DD/64AEC9490C1A928E80A827E78F395AC6', 'message': 'Authorization failed or requested resource not found.', 'operation_name': 'get_db_system', 'timestamp': '2025-07-30T08:38:30.052838+00:00', 'client_version': 'Oracle-PythonSDK/2.129.0', 'request_endpoint': 'GET https://postgresql.us-ashburn-1.oci.oraclecloud.com/20220915/dbSystems/ocid1.postgresqldbsystem.oc1.iad.amaaaaaady7f6oyazent7zexapft24xxrh6jsy56uel3p4ube46yojekcdwa', 'logging_tips': 'To get more info on the failing request, refer to https://docs.oracle.com/en-us/iaas/tools/python/latest/logging.html for ways to log the request/response details.', 'troubleshooting_tips': "See https://docs.oracle.com/iaas/Content/API/References/apierrors.htm#apierrors_404__404_notauthorizedornotfound for more information about resolving this error. Also see https://docs.oracle.com/iaas/api/#/en/postgresql/20220915/DbSystem/GetDbSystem for details on this operation's requirements. If you are unable to resolve this postgresql issue, please contact Oracle support and provide them this full error message."}
2025-07-30 08:39:41,804 - INFO - Namespace(config_file='config/config.json', timeout=1200)
2025-07-30 08:39:41,804 - INFO - Executing the following command test_nsg.py with arguments ['-c', 'config/config.json']
2025-07-30 08:41:25,886 - INFO - Namespace(config_file='config/config.json', timeout=1200)
2025-07-30 08:41:25,887 - INFO - Executing the following command test_nsg.py with arguments ['-c', 'config/config.json']
2025-07-30 08:41:26,319 - ERROR - {'target_service': 'postgresql', 'status': 404, 'code': 'NotAuthorizedOrNotFound', 'opc-request-id': 'EE482C53778743BE99F1A78529993E03/2DC4F3DE95A638E84AC34F48C462040F/DEFB5B9BCBF50D5879EC2806DB6463DD', 'message': 'Authorization failed or requested resource not found.', 'operation_name': 'get_db_system', 'timestamp': '2025-07-30T08:41:26.319240+00:00', 'client_version': 'Oracle-PythonSDK/2.129.0', 'request_endpoint': 'GET https://postgresql.us-ashburn-1.oci.oraclecloud.com/20220915/dbSystems/ocid1.postgresqldbsystem.oc1.iad.amaaaaaady7f6oyazent7zexapft24xxrh6jsy56uel3p4ube46yojekcdwa', 'logging_tips': 'To get more info on the failing request, refer to https://docs.oracle.com/en-us/iaas/tools/python/latest/logging.html for ways to log the request/response details.', 'troubleshooting_tips': "See https://docs.oracle.com/iaas/Content/API/References/apierrors.htm#apierrors_404__404_notauthorizedornotfound for more information about resolving this error. Also see https://docs.oracle.com/iaas/api/#/en/postgresql/20220915/DbSystem/GetDbSystem for details on this operation's requirements. If you are unable to resolve this postgresql issue, please contact Oracle support and provide them this full error message."}
2025-07-30 08:42:52,108 - INFO - Namespace(config_file='config/config.json', timeout=1200)
2025-07-30 08:42:52,108 - INFO - Executing the following command test_nsg.py with arguments ['-c', 'config/config.json']
2025-07-30 08:48:17,197 - INFO - Namespace(config_file='config/config.json', timeout=1200)
2025-07-30 08:48:17,197 - INFO - Executing the following command test_nsg.py with arguments ['-c', 'config/config.json']
2025-07-30 09:04:04,935 - INFO - Namespace(config_file='config/config.json', timeout=1200)
2025-07-30 09:04:04,935 - INFO - Executing the following command test_nsg.py with arguments ['-c', 'config/config.json']
2025-07-30 09:09:34,320 - INFO - Namespace(config_file='config/config.json', timeout=1200)
2025-07-30 09:09:34,320 - INFO - Executing the following command test_nsg.py with arguments ['-c', 'config/config.json']
2025-07-30 09:09:56,198 - INFO - Namespace(config_file='config/config.json', timeout=1200)
2025-07-30 09:09:56,198 - INFO - Executing the following command test_nsg.py with arguments ['-c', 'config/config.json']
2025-07-30 09:17:24,034 - INFO - Namespace(config_file='config/config.json', timeout=1200)
2025-07-30 09:17:24,034 - INFO - Executing the following command test_nsg.py with arguments ['-c', 'config/config.json']
2025-07-30 09:18:34,822 - INFO - Namespace(config_file='config/config.json', timeout=1200)
2025-07-30 09:18:34,822 - INFO - Executing the following command test_nsg.py with arguments ['-c', 'config/config.json']
2025-07-30 09:20:28,132 - INFO - Namespace(config_file='config/config.json', timeout=1200)
2025-07-30 09:20:28,132 - INFO - Executing the following command test_nsg.py with arguments ['-c', 'config/config.json']
2025-07-30 09:21:06,129 - INFO - Namespace(config_file='config/config.json', timeout=1200)
2025-07-30 09:21:06,129 - INFO - Executing the following command test_nsg.py with arguments ['-c', 'config/config.json']
2025-07-30 10:34:12,043 - INFO - Namespace(config_file='config/config.json', timeout=1200)
2025-07-30 10:34:12,043 - INFO - Executing the following command test_nsg.py with arguments ['-c', 'config/config.json']
2025-07-30 10:39:36,544 - INFO - Namespace(config_file='config/config.json', timeout=1200)
2025-07-30 10:39:36,544 - INFO - Executing the following command test_nsg.py with arguments ['-c', 'config/config.json']
2025-07-30 10:40:14,855 - INFO - Namespace(config_file='config/config.json', timeout=1200)
2025-07-30 10:40:14,855 - INFO - Executing the following command test_nsg.py with arguments ['-c', 'config/config.json']
2025-07-30 10:41:26,999 - INFO - Namespace(config_file='config/config.json', timeout=1200)
2025-07-30 10:41:26,999 - INFO - Executing the following command test_nsg.py with arguments ['-c', 'config/config.json']
